2026-05-25 13:29:53,365 INFO o.a.j.u.JMeterUtils: Setting Locale to en_EN
2026-05-25 13:29:53,375 INFO o.a.j.JMeter: Loading user properties from: /Users/vishwa/Softwares/JMeter/apache-jmeter-5.6.3/bin/user.properties
2026-05-25 13:29:53,376 INFO o.a.j.JMeter: Loading system properties from: /Users/vishwa/Softwares/JMeter/apache-jmeter-5.6.3/bin/system.properties
2026-05-25 13:29:53,383 INFO o.a.j.JMeter: Copyright (c) 1998-2024 The Apache Software Foundation
2026-05-25 13:29:53,383 INFO o.a.j.JMeter: Version 5.6.3
2026-05-25 13:29:53,383 INFO o.a.j.JMeter: java.version=21.0.6
2026-05-25 13:29:53,383 INFO o.a.j.JMeter: java.vm.name=Java HotSpot(TM) 64-Bit Server VM
2026-05-25 13:29:53,383 INFO o.a.j.JMeter: os.name=Mac OS X
2026-05-25 13:29:53,383 INFO o.a.j.JMeter: os.arch=aarch64
2026-05-25 13:29:53,383 INFO o.a.j.JMeter: os.version=26.2
2026-05-25 13:29:53,383 INFO o.a.j.JMeter: file.encoding=UTF-8
2026-05-25 13:29:53,383 INFO o.a.j.JMeter: java.awt.headless=true
2026-05-25 13:29:53,383 INFO o.a.j.JMeter: Max memory     =1073741824
2026-05-25 13:29:53,383 INFO o.a.j.JMeter: Available Processors =8
2026-05-25 13:29:53,388 INFO o.a.j.JMeter: Default Locale=English (EN)
2026-05-25 13:29:53,388 INFO o.a.j.JMeter: JMeter  Locale=English (EN)
2026-05-25 13:29:53,388 INFO o.a.j.JMeter: JMeterHome=/Users/vishwa/Softwares/JMeter/apache-jmeter-5.6.3
2026-05-25 13:29:53,389 INFO o.a.j.JMeter: user.dir  =/Users/vishwa/Mirror/Learning-R&D-Jobs-CV/Perf_Insight_AI
2026-05-25 13:29:53,389 INFO o.a.j.JMeter: PWD       =/Users/vishwa/Mirror/Learning-R&D-Jobs-CV/Perf_Insight_AI
2026-05-25 13:29:53,391 INFO o.a.j.JMeter: IP: 127.0.0.1 Name: Vishwanathas-MacBook-Pro.local FullName: localhost
2026-05-25 13:29:53,403 INFO o.a.j.JMeter: Setting property 'jmeter.reportgenerator.outputdir' to:'/Users/vishwa/Mirror/Learning-R&D-Jobs-CV/Perf_Insight_AI/reports/jmeter_html_report'
2026-05-25 13:29:53,406 INFO o.a.j.r.d.ReportGenerator: ReportGenerator will use for Parsing the separator: ','
2026-05-25 13:29:53,406 INFO o.a.j.r.d.ReportGenerator: Will only generate report from results file: reports/results.csv
2026-05-25 13:29:53,406 INFO o.a.j.r.d.ReportGenerator: Reading report generator properties from: /Users/vishwa/Softwares/JMeter/apache-jmeter-5.6.3/bin/reportgenerator.properties
2026-05-25 13:29:53,407 INFO o.a.j.r.d.ReportGenerator: Merging with JMeter properties
2026-05-25 13:29:53,409 INFO o.a.j.r.c.ReportGeneratorConfiguration: Property 'jmeter.reportgenerator.temp_dir' not found, using default value 'temp' instead.
2026-05-25 13:29:53,410 INFO o.a.j.r.c.ReportGeneratorConfiguration: Property 'jmeter.reportgenerator.apdex_per_transaction' not found, using default value 'null' instead.
2026-05-25 13:29:53,416 INFO o.a.j.r.c.ReportGeneratorConfiguration: apdex_per_transaction is empty, not APDEX per transaction customization
2026-05-25 13:29:53,416 INFO o.a.j.r.c.ReportGeneratorConfiguration: Property 'jmeter.reportgenerator.sample_filter' not found, using default value 'null' instead.
2026-05-25 13:29:53,416 INFO o.a.j.r.c.ReportGeneratorConfiguration: Property 'jmeter.reportgenerator.report_title' not found, using default value 'null' instead.
2026-05-25 13:29:53,416 INFO o.a.j.r.c.ReportGeneratorConfiguration: Property 'jmeter.reportgenerator.start_date' not found, using default value 'null' instead.
2026-05-25 13:29:53,416 INFO o.a.j.r.c.ReportGeneratorConfiguration: Property 'jmeter.reportgenerator.end_date' not found, using default value 'null' instead.
2026-05-25 13:29:53,416 INFO o.a.j.r.c.ReportGeneratorConfiguration: Property 'jmeter.reportgenerator.date_format' not found, using default value 'null' instead.
2026-05-25 13:29:53,416 INFO o.a.j.r.c.ReportGeneratorConfiguration: Will use date range start date: null, end date: null
2026-05-25 13:29:53,418 INFO o.a.j.r.c.ReportGeneratorConfiguration: Property 'jmeter.reportgenerator.graph.totalTPS.exclude_controllers' not found, using default value 'false' instead.
2026-05-25 13:29:53,419 INFO o.a.j.r.c.ReportGeneratorConfiguration: Property 'jmeter.reportgenerator.graph.activeThreadsOverTime.exclude_controllers' not found, using default value 'false' instead.
2026-05-25 13:29:53,419 INFO o.a.j.r.c.ReportGeneratorConfiguration: Property 'jmeter.reportgenerator.graph.timeVsThreads.exclude_controllers' not found, using default value 'false' instead.
2026-05-25 13:29:53,419 INFO o.a.j.r.c.ReportGeneratorConfiguration: Property 'jmeter.reportgenerator.graph.responseTimeDistribution.exclude_controllers' not found, using default value 'false' instead.
2026-05-25 13:29:53,419 INFO o.a.j.r.c.ReportGeneratorConfiguration: Property 'jmeter.reportgenerator.graph.transactionsPerSecond.exclude_controllers' not found, using default value 'false' instead.
2026-05-25 13:29:53,419 INFO o.a.j.r.c.ReportGeneratorConfiguration: Property 'jmeter.reportgenerator.graph.responseTimePercentiles.exclude_controllers' not found, using default value 'false' instead.
2026-05-25 13:29:53,419 INFO o.a.j.r.c.ReportGeneratorConfiguration: Property 'jmeter.reportgenerator.graph.responseTimePercentilesOverTime.exclude_controllers' not found, using default value 'false' instead.
2026-05-25 13:29:53,419 INFO o.a.j.r.c.ReportGeneratorConfiguration: Property 'jmeter.reportgenerator.graph.responseTimesOverTime.exclude_controllers' not found, using default value 'false' instead.
2026-05-25 13:29:53,419 INFO o.a.j.r.c.ReportGeneratorConfiguration: Property 'jmeter.reportgenerator.graph.connectTimeOverTime.exclude_controllers' not found, using default value 'false' instead.
2026-05-25 13:29:53,419 INFO o.a.j.r.c.ReportGeneratorConfiguration: Property 'jmeter.reportgenerator.graph.latenciesOverTime.exclude_controllers' not found, using default value 'false' instead.
2026-05-25 13:29:53,420 INFO o.a.j.r.c.ReportGeneratorConfiguration: Property 'jmeter.reportgenerator.exporter.json.filters_only_sample_series' not found, using default value 'true' instead.
2026-05-25 13:29:53,420 INFO o.a.j.r.c.ReportGeneratorConfiguration: Property 'jmeter.reportgenerator.exporter.json.series_filter' not found, using default value '' instead.
2026-05-25 13:29:53,420 INFO o.a.j.r.c.ReportGeneratorConfiguration: Property 'jmeter.reportgenerator.exporter.json.show_controllers_only' not found, using default value 'false' instead.
2026-05-25 13:29:53,420 INFO o.a.j.r.c.ReportGeneratorConfiguration: Property 'jmeter.reportgenerator.exporter.html.filters_only_sample_series' not found, using default value 'true' instead.
2026-05-25 13:29:53,420 INFO o.a.j.r.c.ReportGeneratorConfiguration: Property 'jmeter.reportgenerator.exporter.html.series_filter' not found, using default value '' instead.
2026-05-25 13:29:53,420 INFO o.a.j.r.c.ReportGeneratorConfiguration: Property 'jmeter.reportgenerator.exporter.html.show_controllers_only' not found, using default value 'false' instead.
2026-05-25 13:29:53,504 INFO o.a.j.s.SaveService: Testplan (JMX) version: 2.2. Testlog (JTL) version: 2.2
2026-05-25 13:29:53,523 INFO o.a.j.s.SaveService: Using SaveService properties version 5.0
2026-05-25 13:29:53,524 INFO o.a.j.s.SaveService: Using SaveService properties file encoding UTF-8
2026-05-25 13:29:53,538 INFO o.a.j.r.p.NormalizerSampleConsumer: Using format, 'dd/MM/yyyy HH:mm:ss.SSS', to parse timeStamp field
2026-05-25 13:29:53,561 INFO o.a.j.r.p.AbstractSampleConsumer: class org.apache.jmeter.report.processor.AggregateConsumer#stopProducing(): beginDate produced 0 samples
2026-05-25 13:29:53,561 INFO o.a.j.r.p.AbstractSampleConsumer: class org.apache.jmeter.report.processor.AggregateConsumer#stopProducing(): endDate produced 0 samples
2026-05-25 13:29:53,562 INFO o.a.j.r.p.AbstractSampleConsumer: class org.apache.jmeter.report.processor.ApdexSummaryConsumer#stopProducing(): apdexSummary produced 0 samples
2026-05-25 13:29:53,562 INFO o.a.j.r.p.AbstractSampleConsumer: class org.apache.jmeter.report.processor.RequestsSummaryConsumer#stopProducing(): requestsSummary produced 0 samples
2026-05-25 13:29:53,565 INFO o.a.j.r.p.AbstractSampleConsumer: class org.apache.jmeter.report.processor.StatisticsSummaryConsumer#stopProducing(): statisticsSummary produced 0 samples
2026-05-25 13:29:53,566 INFO o.a.j.r.p.AbstractSampleConsumer: class org.apache.jmeter.report.processor.Top5ErrorsBySamplerConsumer#stopProducing(): top5ErrorsBySampler produced 0 samples
2026-05-25 13:29:53,566 INFO o.a.j.r.p.AbstractSampleConsumer: class org.apache.jmeter.report.processor.ErrorsSummaryConsumer#stopProducing(): errorsSummary produced 0 samples
2026-05-25 13:29:53,566 INFO o.a.j.r.p.AbstractSampleConsumer: class org.apache.jmeter.report.processor.graph.impl.HitsPerSecondGraphConsumer#stopProducing(): hitsPerSecond produced 0 samples
2026-05-25 13:29:53,572 INFO o.a.j.r.p.AbstractSampleConsumer: class org.apache.jmeter.report.processor.graph.impl.LatencyVSRequestGraphConsumer#stopProducing(): latencyVsRequest produced 0 samples
2026-05-25 13:29:53,572 INFO o.a.j.r.p.AbstractSampleConsumer: class org.apache.jmeter.report.processor.graph.impl.SyntheticResponseTimeDistributionGraphConsumer#stopProducing(): syntheticResponseTimeDistribution produced 0 samples
2026-05-25 13:29:53,572 INFO o.a.j.r.p.AbstractSampleConsumer: class org.apache.jmeter.report.processor.graph.impl.BytesThroughputGraphConsumer#stopProducing(): bytesThroughputOverTime produced 0 samples
2026-05-25 13:29:53,572 INFO o.a.j.r.p.AbstractSampleConsumer: class org.apache.jmeter.report.processor.graph.impl.CodesPerSecondGraphConsumer#stopProducing(): codesPerSecond produced 0 samples
2026-05-25 13:29:53,573 INFO o.a.j.r.p.AbstractSampleConsumer: class org.apache.jmeter.report.processor.graph.impl.ResponseTimeVSRequestGraphConsumer#stopProducing(): responseTimeVsRequest produced 0 samples
2026-05-25 13:29:53,573 INFO o.a.j.r.p.AbstractSampleConsumer: class org.apache.jmeter.report.processor.FilterConsumer#stopProducing(): startIntervalControlerFilter produced 35 samples
2026-05-25 13:29:53,573 INFO o.a.j.r.p.AbstractSampleConsumer: class org.apache.jmeter.report.processor.graph.impl.TotalTPSGraphConsumer#stopProducing(): totalTPS produced 0 samples
2026-05-25 13:29:53,573 INFO o.a.j.r.p.AbstractSampleConsumer: class org.apache.jmeter.report.processor.graph.impl.ActiveThreadsGraphConsumer#stopProducing(): activeThreadsOverTime produced 0 samples
2026-05-25 13:29:53,573 INFO o.a.j.r.p.AbstractSampleConsumer: class org.apache.jmeter.report.processor.graph.impl.TimeVSThreadGraphConsumer#stopProducing(): timeVsThreads produced 0 samples
2026-05-25 13:29:53,573 INFO o.a.j.r.p.AbstractSampleConsumer: class org.apache.jmeter.report.processor.graph.impl.ResponseTimeDistributionGraphConsumer#stopProducing(): responseTimeDistribution produced 0 samples
2026-05-25 13:29:53,573 INFO o.a.j.r.p.AbstractSampleConsumer: class org.apache.jmeter.report.processor.graph.impl.TransactionsPerSecondGraphConsumer#stopProducing(): transactionsPerSecond produced 0 samples
2026-05-25 13:29:53,573 INFO o.a.j.r.p.AbstractSampleConsumer: class org.apache.jmeter.report.processor.graph.impl.ResponseTimePercentilesGraphConsumer#stopProducing(): responseTimePercentiles produced 0 samples
2026-05-25 13:29:53,574 INFO o.a.j.r.p.AbstractSampleConsumer: class org.apache.jmeter.report.processor.graph.impl.ResponseTimePercentilesOverTimeGraphConsumer#stopProducing(): responseTimePercentilesOverTime produced 0 samples
2026-05-25 13:29:53,574 INFO o.a.j.r.p.AbstractSampleConsumer: class org.apache.jmeter.report.processor.graph.impl.ResponseTimeOverTimeGraphConsumer#stopProducing(): responseTimesOverTime produced 0 samples
2026-05-25 13:29:53,574 INFO o.a.j.r.p.AbstractSampleConsumer: class org.apache.jmeter.report.processor.graph.impl.ConnectTimeOverTimeGraphConsumer#stopProducing(): connectTimeOverTime produced 0 samples
2026-05-25 13:29:53,574 INFO o.a.j.r.p.AbstractSampleConsumer: class org.apache.jmeter.report.processor.graph.impl.LatencyOverTimeGraphConsumer#stopProducing(): latenciesOverTime produced 0 samples
2026-05-25 13:29:53,574 INFO o.a.j.r.p.AbstractSampleConsumer: class org.apache.jmeter.report.processor.FilterConsumer#stopProducing(): nameFilter produced 75 samples
2026-05-25 13:29:53,574 INFO o.a.j.r.p.AbstractSampleConsumer: class org.apache.jmeter.report.processor.FilterConsumer#stopProducing(): dateRangeFilter produced 15 samples
2026-05-25 13:29:53,574 INFO o.a.j.r.p.AbstractSampleConsumer: class org.apache.jmeter.report.processor.NormalizerSampleConsumer#stopProducing(): normalizer produced 5 samples
2026-05-25 13:29:53,574 INFO o.a.j.r.p.CsvFileSampleSource: produce(): 5 samples produced in 24ms on channel 0
2026-05-25 13:29:53,574 INFO o.a.j.r.d.ReportGenerator: Exporting data using exporter:'json' of className:'org.apache.jmeter.report.dashboard.JsonExporter'
2026-05-25 13:29:53,603 INFO o.a.j.r.d.JsonExporter: Found data for consumer statisticsSummary in context
2026-05-25 13:29:53,603 INFO o.a.j.r.d.JsonExporter: Creating statistics for overall
2026-05-25 13:29:53,603 INFO o.a.j.r.d.JsonExporter: Creating statistics for other transactions
2026-05-25 13:29:53,603 INFO o.a.j.r.d.JsonExporter: Checking output folder
2026-05-25 13:29:53,603 INFO o.a.j.r.d.JsonExporter: Writing statistics JSON to /Users/vishwa/Mirror/Learning-R&D-Jobs-CV/Perf_Insight_AI/reports/jmeter_html_report/statistics.json
2026-05-25 13:29:53,629 INFO o.a.j.r.d.ReportGenerator: Exporting data using exporter:'html' of className:'org.apache.jmeter.report.dashboard.HtmlTemplateExporter'
2026-05-25 13:29:53,630 INFO o.a.j.r.d.HtmlTemplateExporter: Will generate dashboard in folder: /Users/vishwa/Mirror/Learning-R&D-Jobs-CV/Perf_Insight_AI/reports/jmeter_html_report
2026-05-25 13:29:53,674 INFO o.a.j.r.d.HtmlTemplateExporter: Report will be generated in: /Users/vishwa/Mirror/Learning-R&D-Jobs-CV/Perf_Insight_AI/reports/jmeter_html_report, creating folder structure
2026-05-25 13:29:53,675 INFO o.a.j.r.d.TemplateVisitor: Copying folder from '/Users/vishwa/Softwares/JMeter/apache-jmeter-5.6.3/bin/report-template' to '/Users/vishwa/Mirror/Learning-R&D-Jobs-CV/Perf_Insight_AI/reports/jmeter_html_report', got message: /Users/vishwa/Mirror/Learning-R&D-Jobs-CV/Perf_Insight_AI/reports/jmeter_html_report, found non empty folder with following content [/Users/vishwa/Mirror/Learning-R&D-Jobs-CV/Perf_Insight_AI/reports/jmeter_html_report/statistics.json], will be ignored
